{"/home/daniel/Development/centergraph/centergraph/packages/shacl-renderer/lib/ShaclRenderer.tsx": {"path":"/home/daniel/Development/centergraph/centergraph/packages/shacl-renderer/lib/ShaclRenderer.tsx","statementMap":{"0":{"start":{"line":16,"column":2},"end":{"line":16,"column":null}},"1":{"start":{"line":45,"column":27},"end":{"line":50,"column":null}},"2":{"start":{"line":52,"column":27},"end":{"line":57,"column":null}},"3":{"start":{"line":59,"column":4},"end":{"line":59,"column":null}},"4":{"start":{"line":62,"column":17},"end":{"line":62,"column":null}},"5":{"start":{"line":63,"column":4},"end":{"line":63,"column":null}},"6":{"start":{"line":63,"column":49},"end":{"line":63,"column":null}},"7":{"start":{"line":65,"column":26},"end":{"line":65,"column":null}},"8":{"start":{"line":66,"column":4},"end":{"line":66,"column":null}},"9":{"start":{"line":67,"column":4},"end":{"line":67,"column":null}},"10":{"start":{"line":71,"column":20},"end":{"line":71,"column":null}},"11":{"start":{"line":73,"column":4},"end":{"line":78,"column":null}},"12":{"start":{"line":74,"column":23},"end":{"line":74,"column":null}},"13":{"start":{"line":74,"column":77},"end":{"line":74,"column":null}},"14":{"start":{"line":75,"column":21},"end":{"line":75,"column":null}},"15":{"start":{"line":76,"column":20},"end":{"line":76,"column":null}},"16":{"start":{"line":77,"column":6},"end":{"line":77,"column":null}},"17":{"start":{"line":77,"column":32},"end":{"line":77,"column":null}},"18":{"start":{"line":80,"column":20},"end":{"line":80,"column":null}},"19":{"start":{"line":81,"column":4},"end":{"line":81,"column":null}},"20":{"start":{"line":81,"column":18},"end":{"line":81,"column":null}},"21":{"start":{"line":83,"column":4},"end":{"line":83,"column":null}},"22":{"start":{"line":87,"column":27},"end":{"line":87,"column":null}},"23":{"start":{"line":88,"column":4},"end":{"line":88,"column":null}},"24":{"start":{"line":88,"column":25},"end":{"line":88,"column":null}},"25":{"start":{"line":89,"column":21},"end":{"line":89,"column":null}},"26":{"start":{"line":89,"column":82},"end":{"line":89,"column":null}},"27":{"start":{"line":90,"column":19},"end":{"line":90,"column":null}},"28":{"start":{"line":91,"column":18},"end":{"line":91,"column":null}},"29":{"start":{"line":92,"column":4},"end":{"line":92,"column":null}},"30":{"start":{"line":93,"column":4},"end":{"line":93,"column":null}},"31":{"start":{"line":94,"column":4},"end":{"line":94,"column":null}},"32":{"start":{"line":98,"column":4},"end":{"line":98,"column":null}},"33":{"start":{"line":100,"column":20},"end":{"line":100,"column":null}},"34":{"start":{"line":101,"column":4},"end":{"line":101,"column":null}},"35":{"start":{"line":101,"column":35},"end":{"line":101,"column":null}},"36":{"start":{"line":105,"column":4},"end":{"line":105,"column":null}},"37":{"start":{"line":109,"column":35},"end":{"line":109,"column":null}},"38":{"start":{"line":36,"column":4},"end":{"line":36,"column":null}},"39":{"start":{"line":18,"column":2},"end":{"line":30,"column":null}},"40":{"start":{"line":32,"column":2},"end":{"line":32,"column":9}},"41":{"start":{"line":33,"column":2},"end":{"line":33,"column":9}},"42":{"start":{"line":37,"column":10},"end":{"line":37,"column":null}},"43":{"start":{"line":38,"column":4},"end":{"line":41,"column":null}},"44":{"start":{"line":39,"column":6},"end":{"line":39,"column":null}},"45":{"start":{"line":40,"column":6},"end":{"line":40,"column":null}},"46":{"start":{"line":117,"column":0},"end":{"line":121,"column":null}},"47":{"start":{"line":118,"column":2},"end":{"line":118,"column":null}},"48":{"start":{"line":120,"column":2},"end":{"line":120,"column":null}}},"fnMap":{"0":{"name":"(anonymous_8)","decl":{"start":{"line":44,"column":2},"end":{"line":44,"column":8}},"loc":{"start":{"line":44,"column":27},"end":{"line":68,"column":null}}},"1":{"name":"(anonymous_9)","decl":{"start":{"line":70,"column":2},"end":{"line":70,"column":8}},"loc":{"start":{"line":70,"column":19},"end":{"line":84,"column":null}}},"2":{"name":"(anonymous_10)","decl":{"start":{"line":74,"column":63},"end":{"line":74,"column":64}},"loc":{"start":{"line":74,"column":77},"end":{"line":74,"column":null}}},"3":{"name":"(anonymous_11)","decl":{"start":{"line":86,"column":2},"end":{"line":86,"column":8}},"loc":{"start":{"line":86,"column":26},"end":{"line":95,"column":null}}},"4":{"name":"(anonymous_12)","decl":{"start":{"line":89,"column":68},"end":{"line":89,"column":69}},"loc":{"start":{"line":89,"column":82},"end":{"line":89,"column":null}}},"5":{"name":"(anonymous_13)","decl":{"start":{"line":97,"column":2},"end":{"line":97,"column":8}},"loc":{"start":{"line":97,"column":28},"end":{"line":114,"column":null}}},"6":{"name":"(anonymous_14)","decl":{"start":{"line":109,"column":24},"end":{"line":109,"column":25}},"loc":{"start":{"line":109,"column":35},"end":{"line":109,"column":null}}},"7":{"name":"(anonymous_15)","decl":{"start":{"line":35,"column":2},"end":{"line":35,"column":16}},"loc":{"start":{"line":35,"column":16},"end":{"line":42,"column":null}}},"8":{"name":"(anonymous_16)","decl":{"start":{"line":38,"column":33},"end":{"line":38,"column":null}},"loc":{"start":{"line":38,"column":33},"end":{"line":41,"column":null}}}},"branchMap":{"0":{"loc":{"start":{"line":63,"column":4},"end":{"line":63,"column":null}},"type":"if","locations":[{"start":{"line":63,"column":4},"end":{"line":63,"column":null}},{"start":{"line":63,"column":4},"end":{"line":63,"column":null}}]},"1":{"loc":{"start":{"line":63,"column":8},"end":{"line":63,"column":49}},"type":"binary-expr","locations":[{"start":{"line":63,"column":8},"end":{"line":63,"column":16}},{"start":{"line":63,"column":16},"end":{"line":63,"column":49}}]},"2":{"loc":{"start":{"line":73,"column":4},"end":{"line":78,"column":null}},"type":"if","locations":[{"start":{"line":73,"column":4},"end":{"line":78,"column":null}},{"start":{"line":73,"column":4},"end":{"line":78,"column":null}}]},"3":{"loc":{"start":{"line":81,"column":4},"end":{"line":81,"column":null}},"type":"if","locations":[{"start":{"line":81,"column":4},"end":{"line":81,"column":null}},{"start":{"line":81,"column":4},"end":{"line":81,"column":null}}]},"4":{"loc":{"start":{"line":88,"column":4},"end":{"line":88,"column":null}},"type":"if","locations":[{"start":{"line":88,"column":4},"end":{"line":88,"column":null}},{"start":{"line":88,"column":4},"end":{"line":88,"column":null}}]},"5":{"loc":{"start":{"line":101,"column":4},"end":{"line":101,"column":null}},"type":"if","locations":[{"start":{"line":101,"column":4},"end":{"line":101,"column":null}},{"start":{"line":101,"column":4},"end":{"line":101,"column":null}}]},"6":{"loc":{"start":{"line":117,"column":0},"end":{"line":121,"column":null}},"type":"if","locations":[{"start":{"line":117,"column":0},"end":{"line":121,"column":null}},{"start":{"line":119,"column":7},"end":{"line":121,"column":null}}]}},"s":{"0":0,"1":0,"2":0,"3":0,"4":0,"5":0,"6":0,"7":0,"8":0,"9":0,"10":0,"11":0,"12":0,"13":0,"14":0,"15":0,"16":0,"17":0,"18":0,"19":0,"20":0,"21":0,"22":0,"23":0,"24":0,"25":0,"26":0,"27":0,"28":0,"29":0,"30":0,"31":0,"32":0,"33":0,"34":0,"35":0,"36":0,"37":0,"38":0,"39":0,"40":0,"41":0,"42":0,"43":0,"44":0,"45":0,"46":0,"47":0,"48":0},"f":{"0":0,"1":0,"2":0,"3":0,"4":0,"5":0,"6":0,"7":0,"8":0},"b":{"0":[0,0],"1":[0,0],"2":[0,0],"3":[0,0],"4":[0,0],"5":[0,0],"6":[0,0]}}
,"/home/daniel/Development/centergraph/centergraph/packages/shacl-renderer/lib/defaultCssClasses.ts": {"path":"/home/daniel/Development/centergraph/centergraph/packages/shacl-renderer/lib/defaultCssClasses.ts","statementMap":{"0":{"start":{"line":3,"column":67},"end":{"line":20,"column":1}}},"fnMap":{"0":{"name":"(anonymous_0)","decl":{"start":{"line":3,"column":15},"end":{"line":3,"column":16}},"loc":{"start":{"line":3,"column":67},"end":{"line":20,"column":1}}}},"branchMap":{"0":{"loc":{"start":{"line":4,"column":39},"end":{"line":4,"column":72}},"type":"cond-expr","locations":[{"start":{"line":4,"column":57},"end":{"line":4,"column":65}},{"start":{"line":4,"column":65},"end":{"line":4,"column":72}}]},"1":{"loc":{"start":{"line":6,"column":23},"end":{"line":6,"column":57}},"type":"cond-expr","locations":[{"start":{"line":6,"column":41},"end":{"line":6,"column":54}},{"start":{"line":6,"column":54},"end":{"line":6,"column":57}}]},"2":{"loc":{"start":{"line":7,"column":29},"end":{"line":7,"column":78}},"type":"cond-expr","locations":[{"start":{"line":7,"column":47},"end":{"line":7,"column":75}},{"start":{"line":7,"column":75},"end":{"line":7,"column":78}}]},"3":{"loc":{"start":{"line":8,"column":18},"end":{"line":8,"column":null}},"type":"cond-expr","locations":[{"start":{"line":8,"column":36},"end":{"line":8,"column":59}},{"start":{"line":8,"column":59},"end":{"line":8,"column":null}}]}},"s":{"0":0},"f":{"0":0},"b":{"0":[0,0],"1":[0,0],"2":[0,0],"3":[0,0]}}
,"/home/daniel/Development/centergraph/centergraph/packages/shacl-renderer/lib/components/core/FormLevel.tsx": {"path":"/home/daniel/Development/centergraph/centergraph/packages/shacl-renderer/lib/components/core/FormLevel.tsx","statementMap":{"0":{"start":{"line":17,"column":74},"end":{"line":17,"column":null}},"1":{"start":{"line":18,"column":26},"end":{"line":18,"column":null}},"2":{"start":{"line":20,"column":31},"end":{"line":28,"column":null}},"3":{"start":{"line":22,"column":20},"end":{"line":22,"column":null}},"4":{"start":{"line":23,"column":20},"end":{"line":23,"column":null}},"5":{"start":{"line":24,"column":25},"end":{"line":24,"column":null}},"6":{"start":{"line":26,"column":6},"end":{"line":26,"column":null}},"7":{"start":{"line":28,"column":20},"end":{"line":28,"column":37}},"8":{"start":{"line":30,"column":27},"end":{"line":30,"column":null}},"9":{"start":{"line":30,"column":75},"end":{"line":30,"column":null}},"10":{"start":{"line":31,"column":17},"end":{"line":39,"column":null}},"11":{"start":{"line":32,"column":25},"end":{"line":32,"column":null}},"12":{"start":{"line":36,"column":52},"end":{"line":36,"column":79}},"13":{"start":{"line":36,"column":99},"end":{"line":36,"column":null}},"14":{"start":{"line":45,"column":8},"end":{"line":45,"column":null}},"15":{"start":{"line":45,"column":27},"end":{"line":45,"column":null}},"16":{"start":{"line":46,"column":8},"end":{"line":46,"column":null}},"17":{"start":{"line":46,"column":40},"end":{"line":46,"column":null}}},"fnMap":{"0":{"name":"FormLevel","decl":{"start":{"line":16,"column":24},"end":{"line":16,"column":34}},"loc":{"start":{"line":16,"column":55},"end":{"line":53,"column":null}}},"1":{"name":"(anonymous_1)","decl":{"start":{"line":21,"column":9},"end":{"line":21,"column":10}},"loc":{"start":{"line":21,"column":10},"end":{"line":27,"column":null}}},"2":{"name":"(anonymous_2)","decl":{"start":{"line":28,"column":10},"end":{"line":28,"column":11}},"loc":{"start":{"line":28,"column":20},"end":{"line":28,"column":37}}},"3":{"name":"(anonymous_3)","decl":{"start":{"line":30,"column":60},"end":{"line":30,"column":61}},"loc":{"start":{"line":30,"column":75},"end":{"line":30,"column":null}}},"4":{"name":"(anonymous_4)","decl":{"start":{"line":31,"column":52},"end":{"line":31,"column":53}},"loc":{"start":{"line":31,"column":53},"end":{"line":39,"column":null}}},"5":{"name":"(anonymous_5)","decl":{"start":{"line":36,"column":37},"end":{"line":36,"column":38}},"loc":{"start":{"line":36,"column":52},"end":{"line":36,"column":79}}},"6":{"name":"(anonymous_6)","decl":{"start":{"line":36,"column":83},"end":{"line":36,"column":84}},"loc":{"start":{"line":36,"column":99},"end":{"line":36,"column":null}}},"7":{"name":"(anonymous_7)","decl":{"start":{"line":44,"column":11},"end":{"line":44,"column":12}},"loc":{"start":{"line":44,"column":12},"end":{"line":47,"column":null}}},"8":{"name":"(anonymous_8)","decl":{"start":{"line":46,"column":29},"end":{"line":46,"column":30}},"loc":{"start":{"line":46,"column":40},"end":{"line":46,"column":null}}}},"branchMap":{"0":{"loc":{"start":{"line":22,"column":20},"end":{"line":22,"column":null}},"type":"binary-expr","locations":[{"start":{"line":22,"column":20},"end":{"line":22,"column":56}},{"start":{"line":22,"column":60},"end":{"line":22,"column":null}}]},"1":{"loc":{"start":{"line":23,"column":20},"end":{"line":23,"column":null}},"type":"cond-expr","locations":[{"start":{"line":23,"column":59},"end":{"line":23,"column":110}},{"start":{"line":23,"column":110},"end":{"line":23,"column":null}}]},"2":{"loc":{"start":{"line":45,"column":8},"end":{"line":45,"column":null}},"type":"if","locations":[{"start":{"line":45,"column":8},"end":{"line":45,"column":null}},{"start":{"line":45,"column":8},"end":{"line":45,"column":null}}]}},"s":{"0":0,"1":0,"2":0,"3":0,"4":0,"5":0,"6":0,"7":0,"8":0,"9":0,"10":0,"11":0,"12":0,"13":0,"14":0,"15":0,"16":0,"17":0},"f":{"0":0,"1":0,"2":0,"3":0,"4":0,"5":0,"6":0,"7":0,"8":0},"b":{"0":[0,0],"1":[0,0],"2":[0,0]}}
,"/home/daniel/Development/centergraph/centergraph/packages/shacl-renderer/lib/components/core/Group.tsx": {"path":"/home/daniel/Development/centergraph/centergraph/packages/shacl-renderer/lib/components/core/Group.tsx","statementMap":{"0":{"start":{"line":15,"column":16},"end":{"line":15,"column":71}},"1":{"start":{"line":16,"column":25},"end":{"line":16,"column":null}},"2":{"start":{"line":17,"column":21},"end":{"line":17,"column":null}},"3":{"start":{"line":19,"column":2},"end":{"line":24,"column":null}}},"fnMap":{"0":{"name":"Group","decl":{"start":{"line":6,"column":24},"end":{"line":6,"column":30}},"loc":{"start":{"line":14,"column":1},"end":{"line":25,"column":null}}}},"branchMap":{"0":{"loc":{"start":{"line":19,"column":9},"end":{"line":24,"column":null}},"type":"cond-expr","locations":[{"start":{"line":20,"column":4},"end":{"line":24,"column":null}},{"start":{"line":24,"column":6},"end":{"line":24,"column":null}}]},"1":{"loc":{"start":{"line":21,"column":7},"end":{"line":21,"column":null}},"type":"cond-expr","locations":[{"start":{"line":21,"column":15},"end":{"line":21,"column":null}},{"start":{"line":21,"column":57},"end":{"line":21,"column":null}}]}},"s":{"0":0,"1":0,"2":0,"3":0},"f":{"0":0},"b":{"0":[0,0],"1":[0,0]}}
,"/home/daniel/Development/centergraph/centergraph/packages/shacl-renderer/lib/components/core/ShaclProperty.tsx": {"path":"/home/daniel/Development/centergraph/centergraph/packages/shacl-renderer/lib/components/core/ShaclProperty.tsx","statementMap":{"0":{"start":{"line":20,"column":15},"end":{"line":20,"column":null}},"1":{"start":{"line":21,"column":16},"end":{"line":21,"column":89}},"2":{"start":{"line":22,"column":25},"end":{"line":22,"column":null}},"3":{"start":{"line":25,"column":50},"end":{"line":25,"column":null}},"4":{"start":{"line":26,"column":28},"end":{"line":26,"column":null}},"5":{"start":{"line":26,"column":46},"end":{"line":26,"column":99}},"6":{"start":{"line":29,"column":2},"end":{"line":32,"column":null}},"7":{"start":{"line":30,"column":4},"end":{"line":30,"column":null}},"8":{"start":{"line":30,"column":49},"end":{"line":30,"column":null}},"9":{"start":{"line":31,"column":4},"end":{"line":31,"column":null}},"10":{"start":{"line":34,"column":32},"end":{"line":34,"column":50}},"11":{"start":{"line":35,"column":19},"end":{"line":35,"column":null}},"12":{"start":{"line":39,"column":4},"end":{"line":39,"column":139}},"13":{"start":{"line":41,"column":31},"end":{"line":41,"column":null}},"14":{"start":{"line":43,"column":2},"end":{"line":95,"column":null}},"15":{"start":{"line":56,"column":12},"end":{"line":68,"column":null}},"16":{"start":{"line":58,"column":16},"end":{"line":58,"column":null}},"17":{"start":{"line":59,"column":16},"end":{"line":59,"column":null}},"18":{"start":{"line":86,"column":12},"end":{"line":86,"column":null}},"19":{"start":{"line":87,"column":12},"end":{"line":87,"column":null}}},"fnMap":{"0":{"name":"ShaclProperty","decl":{"start":{"line":19,"column":24},"end":{"line":19,"column":38}},"loc":{"start":{"line":19,"column":97},"end":{"line":96,"column":null}}},"1":{"name":"(anonymous_1)","decl":{"start":{"line":26,"column":40},"end":{"line":26,"column":46}},"loc":{"start":{"line":26,"column":46},"end":{"line":26,"column":99}}},"2":{"name":"(anonymous_2)","decl":{"start":{"line":29,"column":12},"end":{"line":29,"column":null}},"loc":{"start":{"line":29,"column":12},"end":{"line":32,"column":5}}},"3":{"name":"(anonymous_3)","decl":{"start":{"line":55,"column":36},"end":{"line":55,"column":37}},"loc":{"start":{"line":56,"column":12},"end":{"line":68,"column":null}}},"4":{"name":"(anonymous_4)","decl":{"start":{"line":57,"column":23},"end":{"line":57,"column":null}},"loc":{"start":{"line":57,"column":23},"end":{"line":60,"column":null}}},"5":{"name":"(anonymous_6)","decl":{"start":{"line":85,"column":19},"end":{"line":85,"column":null}},"loc":{"start":{"line":85,"column":19},"end":{"line":88,"column":null}}}},"branchMap":{"0":{"loc":{"start":{"line":30,"column":4},"end":{"line":30,"column":null}},"type":"if","locations":[{"start":{"line":30,"column":4},"end":{"line":30,"column":null}},{"start":{"line":30,"column":4},"end":{"line":30,"column":null}}]},"1":{"loc":{"start":{"line":30,"column":8},"end":{"line":30,"column":49}},"type":"binary-expr","locations":[{"start":{"line":30,"column":8},"end":{"line":30,"column":23}},{"start":{"line":30,"column":23},"end":{"line":30,"column":49}}]},"2":{"loc":{"start":{"line":35,"column":19},"end":{"line":35,"column":null}},"type":"cond-expr","locations":[{"start":{"line":35,"column":60},"end":{"line":35,"column":111}},{"start":{"line":35,"column":111},"end":{"line":35,"column":null}}]},"3":{"loc":{"start":{"line":39,"column":4},"end":{"line":39,"column":139}},"type":"binary-expr","locations":[{"start":{"line":39,"column":4},"end":{"line":39,"column":19}},{"start":{"line":39,"column":20},"end":{"line":39,"column":48}},{"start":{"line":39,"column":52},"end":{"line":39,"column":75}},{"start":{"line":39,"column":83},"end":{"line":39,"column":111}},{"start":{"line":39,"column":111},"end":{"line":39,"column":139}}]},"4":{"loc":{"start":{"line":41,"column":31},"end":{"line":41,"column":null}},"type":"cond-expr","locations":[{"start":{"line":41,"column":58},"end":{"line":41,"column":112}},{"start":{"line":41,"column":112},"end":{"line":41,"column":null}}]},"5":{"loc":{"start":{"line":41,"column":68},"end":{"line":41,"column":112}},"type":"binary-expr","locations":[{"start":{"line":41,"column":68},"end":{"line":41,"column":106}},{"start":{"line":41,"column":106},"end":{"line":41,"column":112}}]},"6":{"loc":{"start":{"line":43,"column":9},"end":{"line":95,"column":null}},"type":"cond-expr","locations":[{"start":{"line":44,"column":4},"end":{"line":95,"column":null}},{"start":{"line":95,"column":6},"end":{"line":95,"column":null}}]},"7":{"loc":{"start":{"line":46,"column":7},"end":{"line":51,"column":null}},"type":"cond-expr","locations":[{"start":{"line":47,"column":8},"end":{"line":51,"column":null}},{"start":{"line":51,"column":10},"end":{"line":51,"column":null}}]},"8":{"loc":{"start":{"line":49,"column":11},"end":{"line":49,"column":null}},"type":"cond-expr","locations":[{"start":{"line":49,"column":38},"end":{"line":49,"column":45}},{"start":{"line":49,"column":45},"end":{"line":49,"column":null}}]},"9":{"loc":{"start":{"line":54,"column":7},"end":{"line":68,"column":null}},"type":"cond-expr","locations":[{"start":{"line":55,"column":10},"end":{"line":68,"column":null}},{"start":{"line":68,"column":10},"end":{"line":68,"column":null}}]},"10":{"loc":{"start":{"line":54,"column":7},"end":{"line":54,"column":null}},"type":"binary-expr","locations":[{"start":{"line":54,"column":7},"end":{"line":54,"column":44}},{"start":{"line":54,"column":44},"end":{"line":54,"column":null}}]},"11":{"loc":{"start":{"line":82,"column":7},"end":{"line":93,"column":null}},"type":"cond-expr","locations":[{"start":{"line":83,"column":8},"end":{"line":93,"column":null}},{"start":{"line":93,"column":10},"end":{"line":93,"column":null}}]},"12":{"loc":{"start":{"line":82,"column":7},"end":{"line":82,"column":72}},"type":"binary-expr","locations":[{"start":{"line":82,"column":7},"end":{"line":82,"column":35}},{"start":{"line":82,"column":35},"end":{"line":82,"column":72}}]}},"s":{"0":0,"1":0,"2":0,"3":0,"4":0,"5":0,"6":0,"7":0,"8":0,"9":0,"10":0,"11":0,"12":0,"13":0,"14":0,"15":0,"16":0,"17":0,"18":0,"19":0},"f":{"0":0,"1":0,"2":0,"3":0,"4":0,"5":0},"b":{"0":[0,0],"1":[0,0],"2":[0,0],"3":[0,0,0,0,0],"4":[0,0],"5":[0,0],"6":[0,0],"7":[0,0],"8":[0,0],"9":[0,0],"10":[0,0],"11":[0,0],"12":[0,0]}}
,"/home/daniel/Development/centergraph/centergraph/packages/shacl-renderer/lib/components/core/ShaclPropertyObject.tsx": {"path":"/home/daniel/Development/centergraph/centergraph/packages/shacl-renderer/lib/components/core/ShaclPropertyObject.tsx","statementMap":{"0":{"start":{"line":19,"column":33},"end":{"line":19,"column":null}},"1":{"start":{"line":20,"column":30},"end":{"line":20,"column":null}},"2":{"start":{"line":21,"column":55},"end":{"line":21,"column":null}},"3":{"start":{"line":23,"column":24},"end":{"line":23,"column":null}},"4":{"start":{"line":25,"column":18},"end":{"line":30,"column":null}},"5":{"start":{"line":26,"column":4},"end":{"line":26,"column":null}},"6":{"start":{"line":27,"column":4},"end":{"line":27,"column":null}},"7":{"start":{"line":28,"column":4},"end":{"line":28,"column":null}},"8":{"start":{"line":29,"column":4},"end":{"line":29,"column":null}},"9":{"start":{"line":32,"column":29},"end":{"line":32,"column":null}},"10":{"start":{"line":59,"column":28},"end":{"line":59,"column":null}},"11":{"start":{"line":60,"column":14},"end":{"line":60,"column":null}},"12":{"start":{"line":60,"column":40},"end":{"line":60,"column":null}},"13":{"start":{"line":61,"column":14},"end":{"line":61,"column":null}}},"fnMap":{"0":{"name":"ShaclPropertyObject","decl":{"start":{"line":18,"column":24},"end":{"line":18,"column":44}},"loc":{"start":{"line":18,"column":129},"end":{"line":78,"column":null}}},"1":{"name":"(anonymous_1)","decl":{"start":{"line":25,"column":18},"end":{"line":25,"column":19}},"loc":{"start":{"line":25,"column":19},"end":{"line":30,"column":null}}},"2":{"name":"(anonymous_2)","decl":{"start":{"line":56,"column":21},"end":{"line":56,"column":null}},"loc":{"start":{"line":56,"column":21},"end":{"line":62,"column":null}}}},"branchMap":{"0":{"loc":{"start":{"line":32,"column":39},"end":{"line":32,"column":null}},"type":"cond-expr","locations":[{"start":{"line":32,"column":52},"end":{"line":32,"column":85}},{"start":{"line":32,"column":85},"end":{"line":32,"column":null}}]},"1":{"loc":{"start":{"line":32,"column":52},"end":{"line":32,"column":85}},"type":"binary-expr","locations":[{"start":{"line":32,"column":52},"end":{"line":32,"column":80}},{"start":{"line":32,"column":80},"end":{"line":32,"column":85}}]},"2":{"loc":{"start":{"line":37,"column":8},"end":{"line":37,"column":null}},"type":"cond-expr","locations":[{"start":{"line":37,"column":31},"end":{"line":37,"column":60}},{"start":{"line":37,"column":63},"end":{"line":37,"column":null}}]},"3":{"loc":{"start":{"line":43,"column":10},"end":{"line":52,"column":11}},"type":"cond-expr","locations":[{"start":{"line":43,"column":10},"end":{"line":52,"column":11}}]},"4":{"loc":{"start":{"line":44,"column":32},"end":{"line":44,"column":null}},"type":"cond-expr","locations":[{"start":{"line":44,"column":55},"end":{"line":44,"column":84}},{"start":{"line":44,"column":87},"end":{"line":44,"column":null}}]},"5":{"loc":{"start":{"line":54,"column":9},"end":{"line":67,"column":null}},"type":"cond-expr","locations":[{"start":{"line":55,"column":10},"end":{"line":67,"column":null}},{"start":{"line":67,"column":12},"end":{"line":67,"column":null}}]},"6":{"loc":{"start":{"line":71,"column":7},"end":{"line":75,"column":null}},"type":"cond-expr","locations":[{"start":{"line":72,"column":8},"end":{"line":75,"column":null}},{"start":{"line":75,"column":10},"end":{"line":75,"column":null}}]},"7":{"loc":{"start":{"line":71,"column":7},"end":{"line":71,"column":null}},"type":"binary-expr","locations":[{"start":{"line":71,"column":7},"end":{"line":71,"column":27}},{"start":{"line":71,"column":31},"end":{"line":71,"column":null}}]}},"s":{"0":0,"1":0,"2":0,"3":0,"4":0,"5":0,"6":0,"7":0,"8":0,"9":0,"10":0,"11":0,"12":0,"13":0},"f":{"0":0,"1":0,"2":0},"b":{"0":[0,0],"1":[0,0],"2":[0,0],"3":[0],"4":[0,0],"5":[0,0],"6":[0,0],"7":[0,0]}}
,"/home/daniel/Development/centergraph/centergraph/packages/shacl-renderer/lib/components/widgets/editors/BlankNodeEditor/index.tsx": {"path":"/home/daniel/Development/centergraph/centergraph/packages/shacl-renderer/lib/components/widgets/editors/BlankNodeEditor/index.tsx","statementMap":{"0":{"start":{"line":7,"column":15},"end":{"line":7,"column":48}},"1":{"start":{"line":8,"column":27},"end":{"line":8,"column":null}}},"fnMap":{"0":{"name":"BlankNodeEditor","decl":{"start":{"line":6,"column":24},"end":{"line":6,"column":40}},"loc":{"start":{"line":6,"column":92},"end":{"line":10,"column":null}}}},"branchMap":{},"s":{"0":0,"1":0},"f":{"0":0},"b":{}}
,"/home/daniel/Development/centergraph/centergraph/packages/shacl-renderer/lib/components/widgets/editors/BlankNodeEditor/meta.ts": {"path":"/home/daniel/Development/centergraph/centergraph/packages/shacl-renderer/lib/components/widgets/editors/BlankNodeEditor/meta.ts","statementMap":{"0":{"start":{"line":4,"column":19},"end":{"line":4,"column":42}},"1":{"start":{"line":6,"column":21},"end":{"line":16,"column":1}},"2":{"start":{"line":7,"column":2},"end":{"line":7,"column":null}},"3":{"start":{"line":7,"column":43},"end":{"line":7,"column":null}},"4":{"start":{"line":9,"column":2},"end":{"line":11,"column":null}},"5":{"start":{"line":10,"column":4},"end":{"line":10,"column":null}},"6":{"start":{"line":13,"column":2},"end":{"line":15,"column":null}},"7":{"start":{"line":14,"column":4},"end":{"line":14,"column":null}},"8":{"start":{"line":18,"column":26},"end":{"line":18,"column":55}},"9":{"start":{"line":18,"column":32},"end":{"line":18,"column":55}}},"fnMap":{"0":{"name":"(anonymous_0)","decl":{"start":{"line":6,"column":21},"end":{"line":6,"column":22}},"loc":{"start":{"line":6,"column":50},"end":{"line":16,"column":1}}},"1":{"name":"(anonymous_1)","decl":{"start":{"line":18,"column":26},"end":{"line":18,"column":32}},"loc":{"start":{"line":18,"column":32},"end":{"line":18,"column":55}}}},"branchMap":{"0":{"loc":{"start":{"line":7,"column":2},"end":{"line":7,"column":null}},"type":"if","locations":[{"start":{"line":7,"column":2},"end":{"line":7,"column":null}},{"start":{"line":7,"column":2},"end":{"line":7,"column":null}}]},"1":{"loc":{"start":{"line":9,"column":2},"end":{"line":11,"column":null}},"type":"if","locations":[{"start":{"line":9,"column":2},"end":{"line":11,"column":null}},{"start":{"line":9,"column":2},"end":{"line":11,"column":null}}]},"2":{"loc":{"start":{"line":9,"column":6},"end":{"line":9,"column":69}},"type":"binary-expr","locations":[{"start":{"line":9,"column":6},"end":{"line":9,"column":22}},{"start":{"line":9,"column":26},"end":{"line":9,"column":69}}]},"3":{"loc":{"start":{"line":13,"column":2},"end":{"line":15,"column":null}},"type":"if","locations":[{"start":{"line":13,"column":2},"end":{"line":15,"column":null}},{"start":{"line":13,"column":2},"end":{"line":15,"column":null}}]}},"s":{"0":0,"1":0,"2":0,"3":0,"4":0,"5":0,"6":0,"7":0,"8":0,"9":0},"f":{"0":0,"1":0},"b":{"0":[0,0],"1":[0,0],"2":[0,0],"3":[0,0]}}
,"/home/daniel/Development/centergraph/centergraph/packages/shacl-renderer/lib/components/widgets/editors/DatePickerEditor/index.tsx": {"path":"/home/daniel/Development/centergraph/centergraph/packages/shacl-renderer/lib/components/widgets/editors/DatePickerEditor/index.tsx","statementMap":{"0":{"start":{"line":11,"column":27},"end":{"line":11,"column":null}}},"fnMap":{"0":{"name":"DatePickerEditor","decl":{"start":{"line":5,"column":24},"end":{"line":5,"column":41}},"loc":{"start":{"line":5,"column":101},"end":{"line":14,"column":null}}},"1":{"name":"(anonymous_1)","decl":{"start":{"line":11,"column":16},"end":{"line":11,"column":17}},"loc":{"start":{"line":11,"column":27},"end":{"line":11,"column":null}}}},"branchMap":{},"s":{"0":0},"f":{"0":0,"1":0},"b":{}}
,"/home/daniel/Development/centergraph/centergraph/packages/shacl-renderer/lib/components/widgets/editors/DatePickerEditor/meta.ts": {"path":"/home/daniel/Development/centergraph/centergraph/packages/shacl-renderer/lib/components/widgets/editors/DatePickerEditor/meta.ts","statementMap":{"0":{"start":{"line":4,"column":19},"end":{"line":4,"column":43}},"1":{"start":{"line":6,"column":21},"end":{"line":14,"column":1}},"2":{"start":{"line":7,"column":2},"end":{"line":9,"column":null}},"3":{"start":{"line":8,"column":4},"end":{"line":8,"column":null}},"4":{"start":{"line":11,"column":2},"end":{"line":13,"column":null}},"5":{"start":{"line":12,"column":4},"end":{"line":12,"column":null}},"6":{"start":{"line":17,"column":26},"end":{"line":19,"column":1}},"7":{"start":{"line":18,"column":2},"end":{"line":18,"column":null}}},"fnMap":{"0":{"name":"(anonymous_0)","decl":{"start":{"line":6,"column":21},"end":{"line":6,"column":22}},"loc":{"start":{"line":6,"column":50},"end":{"line":14,"column":1}}},"1":{"name":"(anonymous_1)","decl":{"start":{"line":17,"column":26},"end":{"line":17,"column":null}},"loc":{"start":{"line":17,"column":26},"end":{"line":19,"column":1}}}},"branchMap":{"0":{"loc":{"start":{"line":7,"column":2},"end":{"line":9,"column":null}},"type":"if","locations":[{"start":{"line":7,"column":2},"end":{"line":9,"column":null}},{"start":{"line":7,"column":2},"end":{"line":9,"column":null}}]},"1":{"loc":{"start":{"line":7,"column":6},"end":{"line":7,"column":73}},"type":"binary-expr","locations":[{"start":{"line":7,"column":6},"end":{"line":7,"column":22}},{"start":{"line":7,"column":26},"end":{"line":7,"column":73}}]},"2":{"loc":{"start":{"line":11,"column":2},"end":{"line":13,"column":null}},"type":"if","locations":[{"start":{"line":11,"column":2},"end":{"line":13,"column":null}},{"start":{"line":11,"column":2},"end":{"line":13,"column":null}}]}},"s":{"0":0,"1":0,"2":0,"3":0,"4":0,"5":0,"6":0,"7":0},"f":{"0":0,"1":0},"b":{"0":[0,0],"1":[0,0],"2":[0,0]}}
,"/home/daniel/Development/centergraph/centergraph/packages/shacl-renderer/lib/components/widgets/editors/TextFieldEditor/index.tsx": {"path":"/home/daniel/Development/centergraph/centergraph/packages/shacl-renderer/lib/components/widgets/editors/TextFieldEditor/index.tsx","statementMap":{"0":{"start":{"line":9,"column":27},"end":{"line":9,"column":null}}},"fnMap":{"0":{"name":"TextFieldEditor","decl":{"start":{"line":4,"column":24},"end":{"line":4,"column":40}},"loc":{"start":{"line":4,"column":100},"end":{"line":12,"column":null}}},"1":{"name":"(anonymous_1)","decl":{"start":{"line":9,"column":16},"end":{"line":9,"column":17}},"loc":{"start":{"line":9,"column":27},"end":{"line":9,"column":null}}}},"branchMap":{},"s":{"0":0},"f":{"0":0,"1":0},"b":{}}
,"/home/daniel/Development/centergraph/centergraph/packages/shacl-renderer/lib/components/widgets/editors/TextFieldEditor/meta.ts": {"path":"/home/daniel/Development/centergraph/centergraph/packages/shacl-renderer/lib/components/widgets/editors/TextFieldEditor/meta.ts","statementMap":{"0":{"start":{"line":4,"column":19},"end":{"line":4,"column":42}},"1":{"start":{"line":7,"column":21},"end":{"line":21,"column":1}},"2":{"start":{"line":8,"column":2},"end":{"line":16,"column":null}},"3":{"start":{"line":15,"column":4},"end":{"line":15,"column":null}},"4":{"start":{"line":18,"column":2},"end":{"line":20,"column":null}},"5":{"start":{"line":19,"column":4},"end":{"line":19,"column":null}},"6":{"start":{"line":23,"column":26},"end":{"line":23,"column":55}},"7":{"start":{"line":23,"column":32},"end":{"line":23,"column":55}}},"fnMap":{"0":{"name":"(anonymous_0)","decl":{"start":{"line":7,"column":21},"end":{"line":7,"column":22}},"loc":{"start":{"line":7,"column":50},"end":{"line":21,"column":1}}},"1":{"name":"(anonymous_1)","decl":{"start":{"line":23,"column":26},"end":{"line":23,"column":32}},"loc":{"start":{"line":23,"column":32},"end":{"line":23,"column":55}}}},"branchMap":{"0":{"loc":{"start":{"line":8,"column":2},"end":{"line":16,"column":null}},"type":"if","locations":[{"start":{"line":8,"column":2},"end":{"line":16,"column":null}},{"start":{"line":8,"column":2},"end":{"line":16,"column":null}}]},"1":{"loc":{"start":{"line":9,"column":4},"end":{"line":13,"column":null}},"type":"binary-expr","locations":[{"start":{"line":9,"column":4},"end":{"line":9,"column":20}},{"start":{"line":10,"column":4},"end":{"line":10,"column":26}},{"start":{"line":11,"column":4},"end":{"line":11,"column":null}},{"start":{"line":12,"column":4},"end":{"line":12,"column":null}},{"start":{"line":13,"column":4},"end":{"line":13,"column":null}}]},"2":{"loc":{"start":{"line":18,"column":2},"end":{"line":20,"column":null}},"type":"if","locations":[{"start":{"line":18,"column":2},"end":{"line":20,"column":null}},{"start":{"line":18,"column":2},"end":{"line":20,"column":null}}]}},"s":{"0":1,"1":1,"2":0,"3":0,"4":0,"5":0,"6":1,"7":1},"f":{"0":0,"1":1},"b":{"0":[0,0],"1":[0,0,0,0,0],"2":[0,0]}}
,"/home/daniel/Development/centergraph/centergraph/packages/shacl-renderer/lib/components/widgets/viewers/BlankNodeViewer/index.tsx": {"path":"/home/daniel/Development/centergraph/centergraph/packages/shacl-renderer/lib/components/widgets/viewers/BlankNodeViewer/index.tsx","statementMap":{"0":{"start":{"line":6,"column":15},"end":{"line":6,"column":48}},"1":{"start":{"line":7,"column":27},"end":{"line":7,"column":null}}},"fnMap":{"0":{"name":"BlankNodeViewer","decl":{"start":{"line":5,"column":24},"end":{"line":5,"column":40}},"loc":{"start":{"line":5,"column":92},"end":{"line":9,"column":null}}}},"branchMap":{},"s":{"0":0,"1":0},"f":{"0":0},"b":{}}
,"/home/daniel/Development/centergraph/centergraph/packages/shacl-renderer/lib/components/widgets/viewers/BlankNodeViewer/meta.ts": {"path":"/home/daniel/Development/centergraph/centergraph/packages/shacl-renderer/lib/components/widgets/viewers/BlankNodeViewer/meta.ts","statementMap":{"0":{"start":{"line":3,"column":19},"end":{"line":3,"column":42}},"1":{"start":{"line":5,"column":21},"end":{"line":15,"column":1}},"2":{"start":{"line":6,"column":2},"end":{"line":6,"column":null}},"3":{"start":{"line":6,"column":43},"end":{"line":6,"column":null}},"4":{"start":{"line":8,"column":2},"end":{"line":10,"column":null}},"5":{"start":{"line":9,"column":4},"end":{"line":9,"column":null}},"6":{"start":{"line":12,"column":2},"end":{"line":14,"column":null}},"7":{"start":{"line":13,"column":4},"end":{"line":13,"column":null}}},"fnMap":{"0":{"name":"(anonymous_0)","decl":{"start":{"line":5,"column":21},"end":{"line":5,"column":22}},"loc":{"start":{"line":5,"column":50},"end":{"line":15,"column":1}}}},"branchMap":{"0":{"loc":{"start":{"line":6,"column":2},"end":{"line":6,"column":null}},"type":"if","locations":[{"start":{"line":6,"column":2},"end":{"line":6,"column":null}},{"start":{"line":6,"column":2},"end":{"line":6,"column":null}}]},"1":{"loc":{"start":{"line":8,"column":2},"end":{"line":10,"column":null}},"type":"if","locations":[{"start":{"line":8,"column":2},"end":{"line":10,"column":null}},{"start":{"line":8,"column":2},"end":{"line":10,"column":null}}]},"2":{"loc":{"start":{"line":8,"column":6},"end":{"line":8,"column":69}},"type":"binary-expr","locations":[{"start":{"line":8,"column":6},"end":{"line":8,"column":22}},{"start":{"line":8,"column":26},"end":{"line":8,"column":69}}]},"3":{"loc":{"start":{"line":12,"column":2},"end":{"line":14,"column":null}},"type":"if","locations":[{"start":{"line":12,"column":2},"end":{"line":14,"column":null}},{"start":{"line":12,"column":2},"end":{"line":14,"column":null}}]}},"s":{"0":0,"1":0,"2":0,"3":0,"4":0,"5":0,"6":0,"7":0},"f":{"0":0},"b":{"0":[0,0],"1":[0,0],"2":[0,0],"3":[0,0]}}
,"/home/daniel/Development/centergraph/centergraph/packages/shacl-renderer/lib/components/widgets/viewers/LiteralViewer/index.tsx": {"path":"/home/daniel/Development/centergraph/centergraph/packages/shacl-renderer/lib/components/widgets/viewers/LiteralViewer/index.tsx","statementMap":{},"fnMap":{"0":{"name":"LiteralViewer","decl":{"start":{"line":4,"column":24},"end":{"line":4,"column":38}},"loc":{"start":{"line":4,"column":59},"end":{"line":6,"column":null}}}},"branchMap":{},"s":{},"f":{"0":0},"b":{}}
,"/home/daniel/Development/centergraph/centergraph/packages/shacl-renderer/lib/components/widgets/viewers/LiteralViewer/meta.ts": {"path":"/home/daniel/Development/centergraph/centergraph/packages/shacl-renderer/lib/components/widgets/viewers/LiteralViewer/meta.ts","statementMap":{"0":{"start":{"line":3,"column":19},"end":{"line":3,"column":40}},"1":{"start":{"line":5,"column":21},"end":{"line":9,"column":1}},"2":{"start":{"line":6,"column":2},"end":{"line":8,"column":null}},"3":{"start":{"line":7,"column":4},"end":{"line":7,"column":null}}},"fnMap":{"0":{"name":"(anonymous_0)","decl":{"start":{"line":5,"column":21},"end":{"line":5,"column":22}},"loc":{"start":{"line":5,"column":22},"end":{"line":9,"column":1}}}},"branchMap":{"0":{"loc":{"start":{"line":6,"column":2},"end":{"line":8,"column":null}},"type":"if","locations":[{"start":{"line":6,"column":2},"end":{"line":8,"column":null}},{"start":{"line":6,"column":2},"end":{"line":8,"column":null}}]},"1":{"loc":{"start":{"line":6,"column":6},"end":{"line":6,"column":67}},"type":"binary-expr","locations":[{"start":{"line":6,"column":6},"end":{"line":6,"column":22}},{"start":{"line":6,"column":26},"end":{"line":6,"column":67}}]}},"s":{"0":0,"1":0,"2":0,"3":0},"f":{"0":0},"b":{"0":[0,0],"1":[0,0]}}
,"/home/daniel/Development/centergraph/centergraph/packages/shacl-renderer/lib/helpers/ensureTerm.ts": {"path":"/home/daniel/Development/centergraph/centergraph/packages/shacl-renderer/lib/helpers/ensureTerm.ts","statementMap":{"0":{"start":{"line":4,"column":26},"end":{"line":14,"column":1}},"1":{"start":{"line":10,"column":2},"end":{"line":13,"column":null}},"2":{"start":{"line":11,"column":4},"end":{"line":11,"column":null}},"3":{"start":{"line":12,"column":4},"end":{"line":12,"column":null}}},"fnMap":{"0":{"name":"(anonymous_0)","decl":{"start":{"line":4,"column":26},"end":{"line":4,"column":null}},"loc":{"start":{"line":8,"column":2},"end":{"line":14,"column":1}}}},"branchMap":{"0":{"loc":{"start":{"line":10,"column":2},"end":{"line":13,"column":null}},"type":"if","locations":[{"start":{"line":10,"column":2},"end":{"line":13,"column":null}},{"start":{"line":10,"column":2},"end":{"line":13,"column":null}}]},"1":{"loc":{"start":{"line":10,"column":6},"end":{"line":10,"column":106}},"type":"binary-expr","locations":[{"start":{"line":10,"column":6},"end":{"line":10,"column":47}},{"start":{"line":10,"column":51},"end":{"line":10,"column":72}},{"start":{"line":10,"column":72},"end":{"line":10,"column":106}}]}},"s":{"0":1,"1":2,"2":1,"3":1},"f":{"0":2},"b":{"0":[1,1],"1":[2,1,1]}}
,"/home/daniel/Development/centergraph/centergraph/packages/shacl-renderer/lib/helpers/getBestWidget.ts": {"path":"/home/daniel/Development/centergraph/centergraph/packages/shacl-renderer/lib/helpers/getBestWidget.ts","statementMap":{"0":{"start":{"line":3,"column":29},"end":{"line":17,"column":1}},"1":{"start":{"line":4,"column":24},"end":{"line":14,"column":null}},"2":{"start":{"line":6,"column":20},"end":{"line":6,"column":null}},"3":{"start":{"line":8,"column":6},"end":{"line":11,"column":null}},"4":{"start":{"line":13,"column":27},"end":{"line":13,"column":null}},"5":{"start":{"line":14,"column":20},"end":{"line":14,"column":37}},"6":{"start":{"line":16,"column":2},"end":{"line":16,"column":null}}},"fnMap":{"0":{"name":"(anonymous_0)","decl":{"start":{"line":3,"column":29},"end":{"line":3,"column":30}},"loc":{"start":{"line":3,"column":86},"end":{"line":17,"column":1}}},"1":{"name":"(anonymous_1)","decl":{"start":{"line":5,"column":9},"end":{"line":5,"column":10}},"loc":{"start":{"line":5,"column":10},"end":{"line":12,"column":null}}},"2":{"name":"(anonymous_2)","decl":{"start":{"line":13,"column":12},"end":{"line":13,"column":13}},"loc":{"start":{"line":13,"column":27},"end":{"line":13,"column":null}}},"3":{"name":"(anonymous_3)","decl":{"start":{"line":14,"column":10},"end":{"line":14,"column":11}},"loc":{"start":{"line":14,"column":20},"end":{"line":14,"column":37}}}},"branchMap":{"0":{"loc":{"start":{"line":10,"column":15},"end":{"line":10,"column":null}},"type":"cond-expr","locations":[{"start":{"line":10,"column":37},"end":{"line":10,"column":42}},{"start":{"line":10,"column":42},"end":{"line":10,"column":null}}]}},"s":{"0":0,"1":0,"2":0,"3":0,"4":0,"5":0,"6":0},"f":{"0":0,"1":0,"2":0,"3":0},"b":{"0":[0,0]}}
,"/home/daniel/Development/centergraph/centergraph/packages/shacl-renderer/lib/helpers/lastPart.ts": {"path":"/home/daniel/Development/centergraph/centergraph/packages/shacl-renderer/lib/helpers/lastPart.ts","statementMap":{"0":{"start":{"line":3,"column":24},"end":{"line":6,"column":1}},"1":{"start":{"line":4,"column":2},"end":{"line":4,"column":null}},"2":{"start":{"line":4,"column":33},"end":{"line":4,"column":null}},"3":{"start":{"line":5,"column":2},"end":{"line":5,"column":null}}},"fnMap":{"0":{"name":"(anonymous_0)","decl":{"start":{"line":3,"column":24},"end":{"line":3,"column":25}},"loc":{"start":{"line":3,"column":25},"end":{"line":6,"column":1}}}},"branchMap":{"0":{"loc":{"start":{"line":4,"column":2},"end":{"line":4,"column":null}},"type":"if","locations":[{"start":{"line":4,"column":2},"end":{"line":4,"column":null}},{"start":{"line":4,"column":2},"end":{"line":4,"column":null}}]}},"s":{"0":1,"1":2,"2":1,"3":2},"f":{"0":2},"b":{"0":[1,1]}}
,"/home/daniel/Development/centergraph/centergraph/packages/shacl-renderer/lib/helpers/namespaces.ts": {"path":"/home/daniel/Development/centergraph/centergraph/packages/shacl-renderer/lib/helpers/namespaces.ts","statementMap":{"0":{"start":{"line":3,"column":22},"end":{"line":3,"column":54}},"1":{"start":{"line":4,"column":20},"end":{"line":4,"column":70}},"2":{"start":{"line":5,"column":19},"end":{"line":5,"column":75}},"3":{"start":{"line":6,"column":18},"end":{"line":6,"column":50}},"4":{"start":{"line":7,"column":19},"end":{"line":7,"column":71}},"5":{"start":{"line":8,"column":18},"end":{"line":8,"column":58}},"6":{"start":{"line":9,"column":20},"end":{"line":9,"column":60}},"7":{"start":{"line":10,"column":19},"end":{"line":10,"column":65}},"8":{"start":{"line":11,"column":18},"end":{"line":11,"column":69}}},"fnMap":{},"branchMap":{},"s":{"0":1,"1":1,"2":1,"3":1,"4":1,"5":1,"6":1,"7":1,"8":1},"f":{},"b":{}}
,"/home/daniel/Development/centergraph/centergraph/packages/shacl-renderer/lib/helpers/preloadWidgets.ts": {"path":"/home/daniel/Development/centergraph/centergraph/packages/shacl-renderer/lib/helpers/preloadWidgets.ts","statementMap":{"0":{"start":{"line":12,"column":30},"end":{"line":33,"column":1}},"1":{"start":{"line":13,"column":21},"end":{"line":13,"column":null}},"2":{"start":{"line":14,"column":22},"end":{"line":14,"column":null}},"3":{"start":{"line":15,"column":19},"end":{"line":15,"column":null}},"4":{"start":{"line":16,"column":18},"end":{"line":16,"column":88}},"5":{"start":{"line":17,"column":2},"end":{"line":24,"column":null}},"6":{"start":{"line":18,"column":4},"end":{"line":18,"column":null}},"7":{"start":{"line":18,"column":45},"end":{"line":18,"column":null}},"8":{"start":{"line":19,"column":16},"end":{"line":19,"column":null}},"9":{"start":{"line":21,"column":4},"end":{"line":23,"column":null}},"10":{"start":{"line":22,"column":6},"end":{"line":22,"column":null}},"11":{"start":{"line":26,"column":21},"end":{"line":26,"column":null}},"12":{"start":{"line":28,"column":2},"end":{"line":32,"column":null}},"13":{"start":{"line":29,"column":25},"end":{"line":29,"column":null}},"14":{"start":{"line":30,"column":4},"end":{"line":30,"column":null}},"15":{"start":{"line":30,"column":23},"end":{"line":30,"column":null}},"16":{"start":{"line":31,"column":4},"end":{"line":31,"column":null}},"17":{"start":{"line":31,"column":36},"end":{"line":31,"column":null}}},"fnMap":{"0":{"name":"(anonymous_0)","decl":{"start":{"line":12,"column":30},"end":{"line":12,"column":37}},"loc":{"start":{"line":12,"column":57},"end":{"line":33,"column":1}}},"1":{"name":"(anonymous_1)","decl":{"start":{"line":31,"column":24},"end":{"line":31,"column":25}},"loc":{"start":{"line":31,"column":36},"end":{"line":31,"column":null}}}},"branchMap":{"0":{"loc":{"start":{"line":15,"column":19},"end":{"line":15,"column":null}},"type":"cond-expr","locations":[{"start":{"line":15,"column":46},"end":{"line":15,"column":57}},{"start":{"line":15,"column":57},"end":{"line":15,"column":null}}]},"1":{"loc":{"start":{"line":16,"column":39},"end":{"line":16,"column":88}},"type":"cond-expr","locations":[{"start":{"line":16,"column":66},"end":{"line":16,"column":78}},{"start":{"line":16,"column":78},"end":{"line":16,"column":88}}]},"2":{"loc":{"start":{"line":18,"column":4},"end":{"line":18,"column":null}},"type":"if","locations":[{"start":{"line":18,"column":4},"end":{"line":18,"column":null}},{"start":{"line":18,"column":4},"end":{"line":18,"column":null}}]},"3":{"loc":{"start":{"line":21,"column":4},"end":{"line":23,"column":null}},"type":"if","locations":[{"start":{"line":21,"column":4},"end":{"line":23,"column":null}},{"start":{"line":21,"column":4},"end":{"line":23,"column":null}}]},"4":{"loc":{"start":{"line":30,"column":4},"end":{"line":30,"column":null}},"type":"if","locations":[{"start":{"line":30,"column":4},"end":{"line":30,"column":null}},{"start":{"line":30,"column":4},"end":{"line":30,"column":null}}]}},"s":{"0":0,"1":0,"2":0,"3":0,"4":0,"5":0,"6":0,"7":0,"8":0,"9":0,"10":0,"11":0,"12":0,"13":0,"14":0,"15":0,"16":0,"17":0},"f":{"0":0,"1":0},"b":{"0":[0,0],"1":[0,0],"2":[0,0],"3":[0,0],"4":[0,0]}}
,"/home/daniel/Development/centergraph/centergraph/packages/shacl-renderer/lib/helpers/registerWidgets.ts": {"path":"/home/daniel/Development/centergraph/centergraph/packages/shacl-renderer/lib/helpers/registerWidgets.ts","statementMap":{"0":{"start":{"line":11,"column":31},"end":{"line":22,"column":1}},"1":{"start":{"line":12,"column":2},"end":{"line":21,"column":null}},"2":{"start":{"line":13,"column":18},"end":{"line":13,"column":null}},"3":{"start":{"line":14,"column":22},"end":{"line":14,"column":null}},"4":{"start":{"line":15,"column":4},"end":{"line":15,"column":null}},"5":{"start":{"line":16,"column":23},"end":{"line":16,"column":null}},"6":{"start":{"line":18,"column":19},"end":{"line":18,"column":null}},"7":{"start":{"line":18,"column":64},"end":{"line":18,"column":null}},"8":{"start":{"line":19,"column":4},"end":{"line":19,"column":null}},"9":{"start":{"line":20,"column":4},"end":{"line":20,"column":null}}},"fnMap":{"0":{"name":"(anonymous_0)","decl":{"start":{"line":11,"column":31},"end":{"line":11,"column":32}},"loc":{"start":{"line":11,"column":98},"end":{"line":22,"column":1}}},"1":{"name":"(anonymous_1)","decl":{"start":{"line":12,"column":39},"end":{"line":12,"column":46}},"loc":{"start":{"line":12,"column":65},"end":{"line":21,"column":null}}},"2":{"name":"(anonymous_2)","decl":{"start":{"line":18,"column":52},"end":{"line":18,"column":53}},"loc":{"start":{"line":18,"column":64},"end":{"line":18,"column":null}}}},"branchMap":{},"s":{"0":0,"1":0,"2":0,"3":0,"4":0,"5":0,"6":0,"7":0,"8":0,"9":0},"f":{"0":0,"1":0,"2":0},"b":{}}
,"/home/daniel/Development/centergraph/centergraph/packages/shacl-renderer/lib/helpers/snakeCase.ts": {"path":"/home/daniel/Development/centergraph/centergraph/packages/shacl-renderer/lib/helpers/snakeCase.ts","statementMap":{"0":{"start":{"line":1,"column":25},"end":{"line":7,"column":1}},"1":{"start":{"line":2,"column":2},"end":{"line":6,"column":null}},"2":{"start":{"line":5,"column":19},"end":{"line":5,"column":null}}},"fnMap":{"0":{"name":"(anonymous_0)","decl":{"start":{"line":1,"column":25},"end":{"line":1,"column":26}},"loc":{"start":{"line":1,"column":26},"end":{"line":7,"column":1}}},"1":{"name":"(anonymous_1)","decl":{"start":{"line":5,"column":9},"end":{"line":5,"column":10}},"loc":{"start":{"line":5,"column":19},"end":{"line":5,"column":null}}}},"branchMap":{},"s":{"0":0,"1":0,"2":0},"f":{"0":0,"1":0},"b":{}}
,"/home/daniel/Development/centergraph/centergraph/packages/shacl-renderer/lib/hooks/useValidate.ts": {"path":"/home/daniel/Development/centergraph/centergraph/packages/shacl-renderer/lib/hooks/useValidate.ts","statementMap":{"0":{"start":{"line":9,"column":21},"end":{"line":9,"column":null}},"1":{"start":{"line":10,"column":41},"end":{"line":10,"column":null}},"2":{"start":{"line":12,"column":25},"end":{"line":15,"column":null}},"3":{"start":{"line":13,"column":17},"end":{"line":13,"column":117}},"4":{"start":{"line":13,"column":84},"end":{"line":13,"column":115}},"5":{"start":{"line":14,"column":2},"end":{"line":14,"column":null}},"6":{"start":{"line":14,"column":61},"end":{"line":14,"column":null}},"7":{"start":{"line":14,"column":102},"end":{"line":14,"column":115}},"8":{"start":{"line":17,"column":27},"end":{"line":34,"column":1}},"9":{"start":{"line":18,"column":2},"end":{"line":26,"column":null}},"10":{"start":{"line":19,"column":22},"end":{"line":19,"column":null}},"11":{"start":{"line":20,"column":4},"end":{"line":24,"column":null}},"12":{"start":{"line":21,"column":6},"end":{"line":23,"column":null}},"13":{"start":{"line":22,"column":8},"end":{"line":22,"column":null}},"14":{"start":{"line":25,"column":4},"end":{"line":25,"column":null}},"15":{"start":{"line":28,"column":2},"end":{"line":28,"column":null}},"16":{"start":{"line":29,"column":2},"end":{"line":33,"column":null}}},"fnMap":{"0":{"name":"(anonymous_0)","decl":{"start":{"line":12,"column":25},"end":{"line":12,"column":26}},"loc":{"start":{"line":12,"column":53},"end":{"line":15,"column":null}}},"1":{"name":"(anonymous_1)","decl":{"start":{"line":13,"column":53},"end":{"line":13,"column":54}},"loc":{"start":{"line":13,"column":84},"end":{"line":13,"column":115}}},"2":{"name":"(anonymous_2)","decl":{"start":{"line":14,"column":24},"end":{"line":14,"column":25}},"loc":{"start":{"line":14,"column":61},"end":{"line":14,"column":null}}},"3":{"name":"(anonymous_3)","decl":{"start":{"line":14,"column":83},"end":{"line":14,"column":84}},"loc":{"start":{"line":14,"column":102},"end":{"line":14,"column":115}}},"4":{"name":"(anonymous_4)","decl":{"start":{"line":17,"column":27},"end":{"line":17,"column":28}},"loc":{"start":{"line":17,"column":28},"end":{"line":34,"column":1}}},"5":{"name":"(anonymous_5)","decl":{"start":{"line":20,"column":15},"end":{"line":20,"column":null}},"loc":{"start":{"line":20,"column":15},"end":{"line":24,"column":null}}},"6":{"name":"(anonymous_6)","decl":{"start":{"line":21,"column":65},"end":{"line":21,"column":66}},"loc":{"start":{"line":21,"column":66},"end":{"line":23,"column":null}}}},"branchMap":{"0":{"loc":{"start":{"line":13,"column":17},"end":{"line":13,"column":117}},"type":"binary-expr","locations":[{"start":{"line":13,"column":17},"end":{"line":13,"column":115}},{"start":{"line":13,"column":115},"end":{"line":13,"column":117}}]},"1":{"loc":{"start":{"line":18,"column":2},"end":{"line":26,"column":null}},"type":"if","locations":[{"start":{"line":18,"column":2},"end":{"line":26,"column":null}},{"start":{"line":18,"column":2},"end":{"line":26,"column":null}}]}},"s":{"0":0,"1":0,"2":0,"3":0,"4":0,"5":0,"6":0,"7":0,"8":0,"9":0,"10":0,"11":0,"12":0,"13":0,"14":0,"15":0,"16":0},"f":{"0":0,"1":0,"2":0,"3":0,"4":0,"5":0,"6":0},"b":{"0":[0,0],"1":[0,0]}}
,"/home/daniel/Development/centergraph/centergraph/packages/shacl-renderer/lib/hooks/useWidget.ts": {"path":"/home/daniel/Development/centergraph/centergraph/packages/shacl-renderer/lib/hooks/useWidget.ts","statementMap":{"0":{"start":{"line":6,"column":27},"end":{"line":6,"column":36}},"1":{"start":{"line":11,"column":25},"end":{"line":38,"column":1}},"2":{"start":{"line":12,"column":19},"end":{"line":12,"column":null}},"3":{"start":{"line":13,"column":18},"end":{"line":13,"column":104}},"4":{"start":{"line":15,"column":30},"end":{"line":15,"column":null}},"5":{"start":{"line":16,"column":20},"end":{"line":18,"column":null}},"6":{"start":{"line":17,"column":4},"end":{"line":17,"column":null}},"7":{"start":{"line":19,"column":21},"end":{"line":19,"column":null}},"8":{"start":{"line":19,"column":50},"end":{"line":19,"column":null}},"9":{"start":{"line":21,"column":2},"end":{"line":35,"column":null}},"10":{"start":{"line":22,"column":4},"end":{"line":22,"column":null}},"11":{"start":{"line":22,"column":29},"end":{"line":22,"column":null}},"12":{"start":{"line":24,"column":4},"end":{"line":27,"column":null}},"13":{"start":{"line":25,"column":6},"end":{"line":25,"column":null}},"14":{"start":{"line":25,"column":22},"end":{"line":25,"column":null}},"15":{"start":{"line":26,"column":6},"end":{"line":26,"column":null}},"16":{"start":{"line":29,"column":25},"end":{"line":29,"column":null}},"17":{"start":{"line":30,"column":4},"end":{"line":34,"column":null}},"18":{"start":{"line":31,"column":6},"end":{"line":34,"column":null}},"19":{"start":{"line":32,"column":8},"end":{"line":32,"column":null}},"20":{"start":{"line":33,"column":8},"end":{"line":33,"column":null}},"21":{"start":{"line":33,"column":24},"end":{"line":33,"column":38}},"22":{"start":{"line":37,"column":2},"end":{"line":37,"column":null}}},"fnMap":{"0":{"name":"(anonymous_0)","decl":{"start":{"line":11,"column":25},"end":{"line":11,"column":26}},"loc":{"start":{"line":11,"column":124},"end":{"line":38,"column":1}}},"1":{"name":"(anonymous_1)","decl":{"start":{"line":16,"column":28},"end":{"line":16,"column":null}},"loc":{"start":{"line":16,"column":28},"end":{"line":18,"column":5}}},"2":{"name":"(anonymous_2)","decl":{"start":{"line":19,"column":34},"end":{"line":19,"column":35}},"loc":{"start":{"line":19,"column":50},"end":{"line":19,"column":null}}},"3":{"name":"(anonymous_3)","decl":{"start":{"line":21,"column":12},"end":{"line":21,"column":null}},"loc":{"start":{"line":21,"column":12},"end":{"line":35,"column":5}}},"4":{"name":"(anonymous_4)","decl":{"start":{"line":25,"column":16},"end":{"line":25,"column":22}},"loc":{"start":{"line":25,"column":22},"end":{"line":25,"column":null}}},"5":{"name":"(anonymous_5)","decl":{"start":{"line":31,"column":26},"end":{"line":31,"column":27}},"loc":{"start":{"line":31,"column":27},"end":{"line":34,"column":null}}},"6":{"name":"(anonymous_6)","decl":{"start":{"line":33,"column":18},"end":{"line":33,"column":24}},"loc":{"start":{"line":33,"column":24},"end":{"line":33,"column":38}}}},"branchMap":{"0":{"loc":{"start":{"line":11,"column":103},"end":{"line":11,"column":124}},"type":"default-arg","locations":[{"start":{"line":11,"column":119},"end":{"line":11,"column":124}}]},"1":{"loc":{"start":{"line":12,"column":19},"end":{"line":12,"column":null}},"type":"cond-expr","locations":[{"start":{"line":12,"column":46},"end":{"line":12,"column":61}},{"start":{"line":12,"column":61},"end":{"line":12,"column":null}}]},"2":{"loc":{"start":{"line":13,"column":18},"end":{"line":13,"column":104}},"type":"cond-expr","locations":[{"start":{"line":13,"column":45},"end":{"line":13,"column":73}},{"start":{"line":13,"column":76},"end":{"line":13,"column":104}}]},"3":{"loc":{"start":{"line":17,"column":11},"end":{"line":17,"column":null}},"type":"binary-expr","locations":[{"start":{"line":17,"column":11},"end":{"line":17,"column":43}},{"start":{"line":17,"column":47},"end":{"line":17,"column":null}}]},"4":{"loc":{"start":{"line":22,"column":4},"end":{"line":22,"column":null}},"type":"if","locations":[{"start":{"line":22,"column":4},"end":{"line":22,"column":null}},{"start":{"line":22,"column":4},"end":{"line":22,"column":null}}]},"5":{"loc":{"start":{"line":22,"column":8},"end":{"line":22,"column":29}},"type":"binary-expr","locations":[{"start":{"line":22,"column":8},"end":{"line":22,"column":22}},{"start":{"line":22,"column":22},"end":{"line":22,"column":29}}]},"6":{"loc":{"start":{"line":24,"column":4},"end":{"line":27,"column":null}},"type":"if","locations":[{"start":{"line":24,"column":4},"end":{"line":27,"column":null}},{"start":{"line":24,"column":4},"end":{"line":27,"column":null}}]},"7":{"loc":{"start":{"line":30,"column":4},"end":{"line":34,"column":null}},"type":"if","locations":[{"start":{"line":30,"column":4},"end":{"line":34,"column":null}},{"start":{"line":30,"column":4},"end":{"line":34,"column":null}}]},"8":{"loc":{"start":{"line":37,"column":30},"end":{"line":37,"column":68}},"type":"binary-expr","locations":[{"start":{"line":37,"column":30},"end":{"line":37,"column":40}},{"start":{"line":37,"column":40},"end":{"line":37,"column":68}}]}},"s":{"0":0,"1":0,"2":0,"3":0,"4":0,"5":0,"6":0,"7":0,"8":0,"9":0,"10":0,"11":0,"12":0,"13":0,"14":0,"15":0,"16":0,"17":0,"18":0,"19":0,"20":0,"21":0,"22":0},"f":{"0":0,"1":0,"2":0,"3":0,"4":0,"5":0,"6":0},"b":{"0":[0],"1":[0,0],"2":[0,0],"3":[0,0],"4":[0,0],"5":[0,0],"6":[0,0],"7":[0,0],"8":[0,0]}}
}
